0 info it worked if it ends with ok
1 verbose cli [ 'C:\\Program Files\\nodejs\\node.exe',
1 verbose cli   'C:\\Program Files\\nodejs\\node_modules\\npm\\bin\\npm-cli.js',
1 verbose cli   'run',
1 verbose cli   'dev' ]
2 info using npm@3.10.9
3 info using node@v7.1.0
4 verbose run-script [ 'predev', 'dev', 'postdev' ]
5 info lifecycle node_crud_first_of_may@1.0.0~predev: node_crud_first_of_may@1.0.0
6 silly lifecycle node_crud_first_of_may@1.0.0~predev: no script for predev, continuing
7 info lifecycle node_crud_first_of_may@1.0.0~dev: node_crud_first_of_may@1.0.0
8 verbose lifecycle node_crud_first_of_may@1.0.0~dev: unsafe-perm in lifecycle true
9 verbose lifecycle node_crud_first_of_may@1.0.0~dev: PATH: C:\Program Files\nodejs\node_modules\npm\bin\node-gyp-bin;E:\xampp\htdocs\node_applications\node_crud_first_of_may\node_modules\.bin;C:\Program Files\Common Files\Microsoft Shared\Windows Live;C:\Program Files (x86)\Common Files\Microsoft Shared\Windows Live;C:\Windows\system32;C:\Windows;C:\Windows\System32\Wbem;C:\Windows\System32\WindowsPowerShell\v1.0\;C:\Program Files (x86)\Windows Live\Shared;C:\Program Files\nodejs\;C:/Users/anjalig/AppData/Roaming/Composer/vendor/drush/drush;C:\Program Files\cURL\bin;C:\Program Files (x86)\Skype\Phone\;C:\Program Files\TortoiseGit\bin;C:\Program Files (x86)\Git\cmd;E:\xampp\mysql\bin;C:\Python27;C:\Users\anjalig\AppData\Local\.meteor\;E:\xampp\php;C:\Users\anjalig\AppData\Local\ComposerSetup\bin;C:\Users\anjalig\AppData\Roaming\Composer\vendor\bin
10 verbose lifecycle node_crud_first_of_may@1.0.0~dev: CWD: E:\xampp\htdocs\node_applications\node_crud_first_of_may
11 silly lifecycle node_crud_first_of_may@1.0.0~dev: Args: [ '/d /s /c', 'nodemon server.js' ]
12 silly lifecycle node_crud_first_of_may@1.0.0~dev: Returned: code: 3221225786  signal: null
13 info lifecycle node_crud_first_of_may@1.0.0~dev: Failed to exec dev script
14 verbose stack Error: node_crud_first_of_may@1.0.0 dev: `nodemon server.js`
14 verbose stack Exit status 3221225786
14 verbose stack     at EventEmitter.<anonymous> (C:\Program Files\nodejs\node_modules\npm\lib\utils\lifecycle.js:255:16)
14 verbose stack     at emitTwo (events.js:106:13)
14 verbose stack     at EventEmitter.emit (events.js:191:7)
14 verbose stack     at ChildProcess.<anonymous> (C:\Program Files\nodejs\node_modules\npm\lib\utils\spawn.js:40:14)
14 verbose stack     at emitTwo (events.js:106:13)
14 verbose stack     at ChildProcess.emit (events.js:191:7)
14 verbose stack     at maybeClose (internal/child_process.js:885:16)
14 verbose stack     at Process.ChildProcess._handle.onexit (internal/child_process.js:226:5)
15 verbose pkgid node_crud_first_of_may@1.0.0
16 verbose cwd E:\xampp\htdocs\node_applications\node_crud_first_of_may
17 error Windows_NT 6.1.7601
18 error argv "C:\\Program Files\\nodejs\\node.exe" "C:\\Program Files\\nodejs\\node_modules\\npm\\bin\\npm-cli.js" "run" "dev"
19 error node v7.1.0
20 error npm  v3.10.9
21 error code ELIFECYCLE
22 error node_crud_first_of_may@1.0.0 dev: `nodemon server.js`
22 error Exit status 3221225786
23 error Failed at the node_crud_first_of_may@1.0.0 dev script 'nodemon server.js'.
23 error Make sure you have the latest version of node.js and npm installed.
23 error If you do, this is most likely a problem with the node_crud_first_of_may package,
23 error not with npm itself.
23 error Tell the author that this fails on your system:
23 error     nodemon server.js
23 error You can get information on how to open an issue for this project with:
23 error     npm bugs node_crud_first_of_may
23 error Or if that isn't available, you can get their info via:
23 error     npm owner ls node_crud_first_of_may
23 error There is likely additional logging output above.
24 verbose exit [ 1, true ]
